\BOOKMARK [1][]{section*.1}{Abstract}{}% 1
\BOOKMARK [1][]{section*.2}{List of Figures}{}% 2
\BOOKMARK [1][]{section.1}{Introduction}{}% 3
\BOOKMARK [1][]{section.2}{Requirements}{}% 4
\BOOKMARK [2][]{subsection.2.1}{The seL4 Microkernel}{section.2}% 5
\BOOKMARK [3][]{subsubsection.2.1.1}{System Calls}{subsection.2.1}% 6
\BOOKMARK [3][]{subsubsection.2.1.2}{Kernel Objects}{subsection.2.1}% 7
\BOOKMARK [3][]{subsubsection.2.1.3}{Memory Allocation Model}{subsection.2.1}% 8
\BOOKMARK [2][]{subsection.2.2}{The Take-Grant Model}{section.2}% 9
\BOOKMARK [3][]{subsubsection.2.2.1}{The classical Model}{subsection.2.2}% 10
\BOOKMARK [3][]{subsubsection.2.2.2}{Take-Grant specified for the seL4}{subsection.2.2}% 11
\BOOKMARK [2][]{subsection.2.3}{Noninterference}{section.2}% 12
\BOOKMARK [1][]{section.3}{Formalisation of the Take-Grant Model}{}% 13
\BOOKMARK [2][]{subsection.3.1}{Capabilities}{section.3}% 14
\BOOKMARK [2][]{subsection.3.2}{System Operations}{section.3}% 15
\BOOKMARK [1][]{section.4}{Validation of Noninterference}{}% 16
\BOOKMARK [1][]{section.5}{Redesign of the take-grant-model}{}% 17
\BOOKMARK [1][]{section.6}{Validation with the new model}{}% 18
\BOOKMARK [2][]{subsection.6.1}{Create}{section.6}% 19
\BOOKMARK [3][]{subsubsection.6.1.1}{Create on UMO}{subsection.6.1}% 20
\BOOKMARK [3][]{subsubsection.6.1.2}{Create on all other object types inside a domain}{subsection.6.1}% 21
\BOOKMARK [3][]{subsubsection.6.1.3}{Create on Asynchronous IPC Endpoint or Shared Page objects}{subsection.6.1}% 22
\BOOKMARK [2][]{subsection.6.2}{Grant}{section.6}% 23
\BOOKMARK [3][]{subsubsection.6.2.1}{Grant on TCB, SEP, CNode, VSpace or IContr objects}{subsection.6.2}% 24
\BOOKMARK [3][]{subsubsection.6.2.2}{Grant on other objects inside a domain}{subsection.6.2}% 25
\BOOKMARK [3][]{subsubsection.6.2.3}{Grant on Asynchronous IPC Endpoints or Shared Pages}{subsection.6.2}% 26
\BOOKMARK [2][]{subsection.6.3}{Write}{section.6}% 27
\BOOKMARK [3][]{subsubsection.6.3.1}{Write on TCB, SEP or Interrupt Handler object}{subsection.6.3}% 28
\BOOKMARK [3][]{subsubsection.6.3.2}{Write on other objects = TCB, SEP, IHandl, SPage and AEP}{subsection.6.3}% 29
\BOOKMARK [3][]{subsubsection.6.3.3}{Write on an AEP or SPage object from Domain 2}{subsection.6.3}% 30
\BOOKMARK [3][]{subsubsection.6.3.4}{Write on an AEP or SPage object from Domain 1}{subsection.6.3}% 31
\BOOKMARK [2][]{subsection.6.4}{Read}{section.6}% 32
\BOOKMARK [3][]{subsubsection.6.4.1}{Read on TCB or Sychronous IPC Endpoint objects}{subsection.6.4}% 33
\BOOKMARK [3][]{subsubsection.6.4.2}{Read on other object types inside a domain}{subsection.6.4}% 34
\BOOKMARK [3][]{subsubsection.6.4.3}{Read on an AEP or SPage object from Domain 1}{subsection.6.4}% 35
\BOOKMARK [3][]{subsubsection.6.4.4}{Read on an AEP or SPage object from Domain 2}{subsection.6.4}% 36
\BOOKMARK [2][]{subsection.6.5}{Remove}{section.6}% 37
\BOOKMARK [3][]{subsubsection.6.5.1}{Remove on CNode, VSpace or Interrupt Controller objects}{subsection.6.5}% 38
\BOOKMARK [2][]{subsection.6.6}{Revoke}{section.6}% 39
\BOOKMARK [1][]{section*.30}{References}{}% 40
