This is pdfTeX, Version 3.14159265-2.6-1.40.16 (TeX Live 2015/Debian) (preloaded format=pdflatex 2018.4.28)  21 JUL 2018 17:30
entering extended mode
 restricted \write18 enabled.
 %&-line parsing enabled.
**Bachelorarbeit.tex
(./Bachelorarbeit.tex
LaTeX2e <2016/02/01>
Babel <3.9q> and hyphenation patterns for 11 language(s) loaded.
(/usr/share/texlive/texmf-dist/tex/latex/base/article.cls
Document Class: article 2014/09/29 v1.4h Standard LaTeX document class
(/usr/share/texlive/texmf-dist/tex/latex/base/size11.clo
File: size11.clo 2014/09/29 v1.4h Standard LaTeX file (size option)
)
\c@part=\count79
\c@section=\count80
\c@subsection=\count81
\c@subsubsection=\count82
\c@paragraph=\count83
\c@subparagraph=\count84
\c@figure=\count85
\c@table=\count86
\abovecaptionskip=\skip41
\belowcaptionskip=\skip42
\bibindent=\dimen102
)
(./bachelorarbeit.sty
Package: bachelorarbeit 2017/09/08 v1.0

(/usr/share/texlive/texmf-dist/tex/latex/amsmath/amsmath.sty
Package: amsmath 2016/03/03 v2.15a AMS math features
\@mathmargin=\skip43

For additional information on amsmath, use the `?' option.
(/usr/share/texlive/texmf-dist/tex/latex/amsmath/amstext.sty
Package: amstext 2000/06/29 v2.01 AMS text

(/usr/share/texlive/texmf-dist/tex/latex/amsmath/amsgen.sty
File: amsgen.sty 1999/11/30 v2.0 generic functions
\@emptytoks=\toks14
\ex@=\dimen103
))
(/usr/share/texlive/texmf-dist/tex/latex/amsmath/amsbsy.sty
Package: amsbsy 1999/11/29 v1.2d Bold Symbols
\pmbraise@=\dimen104
)
(/usr/share/texlive/texmf-dist/tex/latex/amsmath/amsopn.sty
Package: amsopn 1999/12/14 v2.01 operator names
)
\inf@bad=\count87
LaTeX Info: Redefining \frac on input line 199.
\uproot@=\count88
\leftroot@=\count89
LaTeX Info: Redefining \overline on input line 297.
\classnum@=\count90
\DOTSCASE@=\count91
LaTeX Info: Redefining \ldots on input line 394.
LaTeX Info: Redefining \dots on input line 397.
LaTeX Info: Redefining \cdots on input line 518.
\Mathstrutbox@=\box26
\strutbox@=\box27
\big@size=\dimen105
LaTeX Font Info:    Redeclaring font encoding OML on input line 630.
LaTeX Font Info:    Redeclaring font encoding OMS on input line 631.
\macc@depth=\count92
\c@MaxMatrixCols=\count93
\dotsspace@=\muskip10
\c@parentequation=\count94
\dspbrk@lvl=\count95
\tag@help=\toks15
\row@=\count96
\column@=\count97
\maxfields@=\count98
\andhelp@=\toks16
\eqnshift@=\dimen106
\alignsep@=\dimen107
\tagshift@=\dimen108
\tagwidth@=\dimen109
\totwidth@=\dimen110
\lineht@=\dimen111
\@envbody=\toks17
\multlinegap=\skip44
\multlinetaggap=\skip45
\mathdisplay@stack=\toks18
LaTeX Info: Redefining \[ on input line 2735.
LaTeX Info: Redefining \] on input line 2736.
)
(/usr/share/texlive/texmf-dist/tex/latex/amsfonts/amssymb.sty
Package: amssymb 2013/01/14 v3.01 AMS font symbols

(/usr/share/texlive/texmf-dist/tex/latex/amsfonts/amsfonts.sty
Package: amsfonts 2013/01/14 v3.01 Basic AMSFonts support
\symAMSa=\mathgroup4
\symAMSb=\mathgroup5
LaTeX Font Info:    Overwriting math alphabet `\mathfrak' in version `bold'
(Font)                  U/euf/m/n --> U/euf/b/n on input line 106.
))
(/usr/share/texlive/texmf-dist/tex/latex/geometry/geometry.sty
Package: geometry 2010/09/12 v5.6 Page Geometry

(/usr/share/texlive/texmf-dist/tex/latex/graphics/keyval.sty
Package: keyval 2014/10/28 v1.15 key=value parser (DPC)
\KV@toks@=\toks19
)
(/usr/share/texlive/texmf-dist/tex/generic/oberdiek/ifpdf.sty
Package: ifpdf 2011/01/30 v2.3 Provides the ifpdf switch (HO)
Package ifpdf Info: pdfTeX in PDF mode is detected.
)
(/usr/share/texlive/texmf-dist/tex/generic/oberdiek/ifvtex.sty
Package: ifvtex 2010/03/01 v1.5 Detect VTeX and its facilities (HO)
Package ifvtex Info: VTeX not detected.
)
(/usr/share/texlive/texmf-dist/tex/generic/ifxetex/ifxetex.sty
Package: ifxetex 2010/09/12 v0.6 Provides ifxetex conditional
)
\Gm@cnth=\count99
\Gm@cntv=\count100
\c@Gm@tempcnt=\count101
\Gm@bindingoffset=\dimen112
\Gm@wd@mp=\dimen113
\Gm@odd@mp=\dimen114
\Gm@even@mp=\dimen115
\Gm@layoutwidth=\dimen116
\Gm@layoutheight=\dimen117
\Gm@layouthoffset=\dimen118
\Gm@layoutvoffset=\dimen119
\Gm@dimlist=\toks20
)
(/usr/share/texlive/texmf-dist/tex/latex/fancyhdr/fancyhdr.sty
\fancy@headwidth=\skip46
\f@ncyO@elh=\skip47
\f@ncyO@erh=\skip48
\f@ncyO@olh=\skip49
\f@ncyO@orh=\skip50
\f@ncyO@elf=\skip51
\f@ncyO@erf=\skip52
\f@ncyO@olf=\skip53
\f@ncyO@orf=\skip54
)
(/usr/share/texlive/texmf-dist/tex/latex/tocbibind/tocbibind.sty
Package: tocbibind 2010/10/13 v1.5k extra ToC listings
Package tocbibind Info: The document has section divisions on input line 50.


Package tocbibind Note: Using section or other style headings.

) (/usr/share/texlive/texmf-dist/tex/latex/graphics/graphicx.sty
Package: graphicx 2014/10/28 v1.0g Enhanced LaTeX Graphics (DPC,SPQR)

(/usr/share/texlive/texmf-dist/tex/latex/graphics/graphics.sty
Package: graphics 2016/01/03 v1.0q Standard LaTeX Graphics (DPC,SPQR)

(/usr/share/texlive/texmf-dist/tex/latex/graphics/trig.sty
Package: trig 2016/01/03 v1.10 sin cos tan (DPC)
)
(/usr/share/texlive/texmf-dist/tex/latex/latexconfig/graphics.cfg
File: graphics.cfg 2010/04/23 v1.9 graphics configuration of TeX Live
)
Package graphics Info: Driver file: pdftex.def on input line 95.

(/usr/share/texlive/texmf-dist/tex/latex/pdftex-def/pdftex.def
File: pdftex.def 2011/05/27 v0.06d Graphics/color for pdfTeX

(/usr/share/texlive/texmf-dist/tex/generic/oberdiek/infwarerr.sty
Package: infwarerr 2010/04/08 v1.3 Providing info/warning/error messages (HO)
)
(/usr/share/texlive/texmf-dist/tex/generic/oberdiek/ltxcmds.sty
Package: ltxcmds 2011/11/09 v1.22 LaTeX kernel commands for general use (HO)
)
\Gread@gobject=\count102
))
\Gin@req@height=\dimen120
\Gin@req@width=\dimen121
)
(/usr/share/texlive/texmf-dist/tex/latex/tools/xspace.sty
Package: xspace 2014/10/28 v1.13 Space after command names (DPC,MH)
)
\arbeit=\toks21
\fach=\toks22
\titel=\toks23
\bearbeiter=\toks24
\betreuer=\toks25
\aufgabensteller=\toks26
\abgabetermin=\toks27
\ort=\toks28
)
(/usr/share/texlive/texmf-dist/tex/latex/subfigure/subfigure.sty
Package: subfigure 2002/03/15 v2.1.5 subfigure package
\subfigtopskip=\skip55
\subfigcapskip=\skip56
\subfigcaptopadj=\dimen122
\subfigbottomskip=\skip57
\subfigcapmargin=\dimen123
\subfiglabelskip=\skip58
\c@subfigure=\count103
\c@lofdepth=\count104
\c@subtable=\count105
\c@lotdepth=\count106

****************************************
* Local config file subfigure.cfg used *
****************************************
(/usr/share/texlive/texmf-dist/tex/latex/subfigure/subfigure.cfg)
\subfig@top=\skip59
\subfig@bottom=\skip60
)
(/usr/share/texlive/texmf-dist/tex/latex/caption/caption.sty
Package: caption 2016/02/21 v3.3-144 Customizing captions (AR)

(/usr/share/texlive/texmf-dist/tex/latex/caption/caption3.sty
Package: caption3 2016/02/04 v1.7-139 caption3 kernel (AR)
Package caption3 Info: TeX engine: e-TeX on input line 67.
\captionmargin=\dimen124
\captionmargin@=\dimen125
\captionwidth=\dimen126
\caption@tempdima=\dimen127
\caption@indent=\dimen128
\caption@parindent=\dimen129
\caption@hangindent=\dimen130
)
\c@ContinuedFloat=\count107
Package caption Info: subfigure package is loaded.
)
(/usr/share/texlive/texmf-dist/tex/generic/babel/babel.sty
Package: babel 2016/02/24 3.9q The Babel package

(/usr/share/texlive/texmf-dist/tex/generic/babel-english/english.ldf
Language: english 2012/08/20 v3.3p English support from the babel system

(/usr/share/texlive/texmf-dist/tex/generic/babel/babel.def
File: babel.def 2016/02/24 3.9q Babel common definitions
\babel@savecnt=\count108
\U@D=\dimen131
)
\l@canadian = a dialect from \language\l@american 
\l@australian = a dialect from \language\l@british 
\l@newzealand = a dialect from \language\l@british 
))
(/usr/share/texlive/texmf-dist/tex/latex/pgf/frontendlayer/tikz.sty
(/usr/share/texlive/texmf-dist/tex/latex/pgf/basiclayer/pgf.sty
(/usr/share/texlive/texmf-dist/tex/latex/pgf/utilities/pgfrcs.sty
(/usr/share/texlive/texmf-dist/tex/generic/pgf/utilities/pgfutil-common.tex
\pgfutil@everybye=\toks29
\pgfutil@tempdima=\dimen132
\pgfutil@tempdimb=\dimen133

(/usr/share/texlive/texmf-dist/tex/generic/pgf/utilities/pgfutil-common-lists.t
ex)) (/usr/share/texlive/texmf-dist/tex/generic/pgf/utilities/pgfutil-latex.def
\pgfutil@abb=\box28
(/usr/share/texlive/texmf-dist/tex/latex/ms/everyshi.sty
Package: everyshi 2001/05/15 v3.00 EveryShipout Package (MS)
))
(/usr/share/texlive/texmf-dist/tex/generic/pgf/utilities/pgfrcs.code.tex
Package: pgfrcs 2015/08/07 v3.0.1a (rcs-revision 1.31)
))
Package: pgf 2015/08/07 v3.0.1a (rcs-revision 1.15)

(/usr/share/texlive/texmf-dist/tex/latex/pgf/basiclayer/pgfcore.sty
(/usr/share/texlive/texmf-dist/tex/latex/pgf/systemlayer/pgfsys.sty
(/usr/share/texlive/texmf-dist/tex/generic/pgf/systemlayer/pgfsys.code.tex
Package: pgfsys 2014/07/09 v3.0.1a (rcs-revision 1.48)

(/usr/share/texlive/texmf-dist/tex/generic/pgf/utilities/pgfkeys.code.tex
\pgfkeys@pathtoks=\toks30
\pgfkeys@temptoks=\toks31

(/usr/share/texlive/texmf-dist/tex/generic/pgf/utilities/pgfkeysfiltered.code.t
ex
\pgfkeys@tmptoks=\toks32
))
\pgf@x=\dimen134
\pgf@y=\dimen135
\pgf@xa=\dimen136
\pgf@ya=\dimen137
\pgf@xb=\dimen138
\pgf@yb=\dimen139
\pgf@xc=\dimen140
\pgf@yc=\dimen141
\w@pgf@writea=\write3
\r@pgf@reada=\read1
\c@pgf@counta=\count109
\c@pgf@countb=\count110
\c@pgf@countc=\count111
\c@pgf@countd=\count112
\t@pgf@toka=\toks33
\t@pgf@tokb=\toks34
\t@pgf@tokc=\toks35
 (/usr/share/texlive/texmf-dist/tex/generic/pgf/systemlayer/pgf.cfg
File: pgf.cfg 2008/05/14  (rcs-revision 1.7)
)
Driver file for pgf: pgfsys-pdftex.def

(/usr/share/texlive/texmf-dist/tex/generic/pgf/systemlayer/pgfsys-pdftex.def
File: pgfsys-pdftex.def 2014/10/11  (rcs-revision 1.35)

(/usr/share/texlive/texmf-dist/tex/generic/pgf/systemlayer/pgfsys-common-pdf.de
f
File: pgfsys-common-pdf.def 2013/10/10  (rcs-revision 1.13)
)))
(/usr/share/texlive/texmf-dist/tex/generic/pgf/systemlayer/pgfsyssoftpath.code.
tex
File: pgfsyssoftpath.code.tex 2013/09/09  (rcs-revision 1.9)
\pgfsyssoftpath@smallbuffer@items=\count113
\pgfsyssoftpath@bigbuffer@items=\count114
)
(/usr/share/texlive/texmf-dist/tex/generic/pgf/systemlayer/pgfsysprotocol.code.
tex
File: pgfsysprotocol.code.tex 2006/10/16  (rcs-revision 1.4)
)) (/usr/share/texlive/texmf-dist/tex/latex/xcolor/xcolor.sty
Package: xcolor 2007/01/21 v2.11 LaTeX color extensions (UK)

(/usr/share/texlive/texmf-dist/tex/latex/latexconfig/color.cfg
File: color.cfg 2007/01/18 v1.5 color configuration of teTeX/TeXLive
)
Package xcolor Info: Driver file: pdftex.def on input line 225.
Package xcolor Info: Model `cmy' substituted by `cmy0' on input line 1337.
Package xcolor Info: Model `hsb' substituted by `rgb' on input line 1341.
Package xcolor Info: Model `RGB' extended on input line 1353.
Package xcolor Info: Model `HTML' substituted by `rgb' on input line 1355.
Package xcolor Info: Model `Hsb' substituted by `hsb' on input line 1356.
Package xcolor Info: Model `tHsb' substituted by `hsb' on input line 1357.
Package xcolor Info: Model `HSB' substituted by `hsb' on input line 1358.
Package xcolor Info: Model `Gray' substituted by `gray' on input line 1359.
Package xcolor Info: Model `wave' substituted by `hsb' on input line 1360.
)
(/usr/share/texlive/texmf-dist/tex/generic/pgf/basiclayer/pgfcore.code.tex
Package: pgfcore 2010/04/11 v3.0.1a (rcs-revision 1.7)

(/usr/share/texlive/texmf-dist/tex/generic/pgf/math/pgfmath.code.tex
(/usr/share/texlive/texmf-dist/tex/generic/pgf/math/pgfmathcalc.code.tex
(/usr/share/texlive/texmf-dist/tex/generic/pgf/math/pgfmathutil.code.tex)
(/usr/share/texlive/texmf-dist/tex/generic/pgf/math/pgfmathparser.code.tex
\pgfmath@dimen=\dimen142
\pgfmath@count=\count115
\pgfmath@box=\box29
\pgfmath@toks=\toks36
\pgfmath@stack@operand=\toks37
\pgfmath@stack@operation=\toks38
)
(/usr/share/texlive/texmf-dist/tex/generic/pgf/math/pgfmathfunctions.code.tex
(/usr/share/texlive/texmf-dist/tex/generic/pgf/math/pgfmathfunctions.basic.code
.tex)
(/usr/share/texlive/texmf-dist/tex/generic/pgf/math/pgfmathfunctions.trigonomet
ric.code.tex)
(/usr/share/texlive/texmf-dist/tex/generic/pgf/math/pgfmathfunctions.random.cod
e.tex)
(/usr/share/texlive/texmf-dist/tex/generic/pgf/math/pgfmathfunctions.comparison
.code.tex)
(/usr/share/texlive/texmf-dist/tex/generic/pgf/math/pgfmathfunctions.base.code.
tex)
(/usr/share/texlive/texmf-dist/tex/generic/pgf/math/pgfmathfunctions.round.code
.tex)
(/usr/share/texlive/texmf-dist/tex/generic/pgf/math/pgfmathfunctions.misc.code.
tex)
(/usr/share/texlive/texmf-dist/tex/generic/pgf/math/pgfmathfunctions.integerari
thmetics.code.tex)))
(/usr/share/texlive/texmf-dist/tex/generic/pgf/math/pgfmathfloat.code.tex
\c@pgfmathroundto@lastzeros=\count116
))
(/usr/share/texlive/texmf-dist/tex/generic/pgf/basiclayer/pgfcorepoints.code.te
x
File: pgfcorepoints.code.tex 2013/10/07  (rcs-revision 1.27)
\pgf@picminx=\dimen143
\pgf@picmaxx=\dimen144
\pgf@picminy=\dimen145
\pgf@picmaxy=\dimen146
\pgf@pathminx=\dimen147
\pgf@pathmaxx=\dimen148
\pgf@pathminy=\dimen149
\pgf@pathmaxy=\dimen150
\pgf@xx=\dimen151
\pgf@xy=\dimen152
\pgf@yx=\dimen153
\pgf@yy=\dimen154
\pgf@zx=\dimen155
\pgf@zy=\dimen156
)
(/usr/share/texlive/texmf-dist/tex/generic/pgf/basiclayer/pgfcorepathconstruct.
code.tex
File: pgfcorepathconstruct.code.tex 2013/10/07  (rcs-revision 1.29)
\pgf@path@lastx=\dimen157
\pgf@path@lasty=\dimen158
)
(/usr/share/texlive/texmf-dist/tex/generic/pgf/basiclayer/pgfcorepathusage.code
.tex
File: pgfcorepathusage.code.tex 2014/11/02  (rcs-revision 1.24)
\pgf@shorten@end@additional=\dimen159
\pgf@shorten@start@additional=\dimen160
)
(/usr/share/texlive/texmf-dist/tex/generic/pgf/basiclayer/pgfcorescopes.code.te
x
File: pgfcorescopes.code.tex 2015/05/08  (rcs-revision 1.46)
\pgfpic=\box30
\pgf@hbox=\box31
\pgf@layerbox@main=\box32
\pgf@picture@serial@count=\count117
)
(/usr/share/texlive/texmf-dist/tex/generic/pgf/basiclayer/pgfcoregraphicstate.c
ode.tex
File: pgfcoregraphicstate.code.tex 2014/11/02  (rcs-revision 1.12)
\pgflinewidth=\dimen161
)
(/usr/share/texlive/texmf-dist/tex/generic/pgf/basiclayer/pgfcoretransformation
s.code.tex
File: pgfcoretransformations.code.tex 2015/08/07  (rcs-revision 1.20)
\pgf@pt@x=\dimen162
\pgf@pt@y=\dimen163
\pgf@pt@temp=\dimen164
)
(/usr/share/texlive/texmf-dist/tex/generic/pgf/basiclayer/pgfcorequick.code.tex
File: pgfcorequick.code.tex 2008/10/09  (rcs-revision 1.3)
)
(/usr/share/texlive/texmf-dist/tex/generic/pgf/basiclayer/pgfcoreobjects.code.t
ex
File: pgfcoreobjects.code.tex 2006/10/11  (rcs-revision 1.2)
)
(/usr/share/texlive/texmf-dist/tex/generic/pgf/basiclayer/pgfcorepathprocessing
.code.tex
File: pgfcorepathprocessing.code.tex 2013/09/09  (rcs-revision 1.9)
)
(/usr/share/texlive/texmf-dist/tex/generic/pgf/basiclayer/pgfcorearrows.code.te
x
File: pgfcorearrows.code.tex 2015/05/14  (rcs-revision 1.43)
\pgfarrowsep=\dimen165
)
(/usr/share/texlive/texmf-dist/tex/generic/pgf/basiclayer/pgfcoreshade.code.tex
File: pgfcoreshade.code.tex 2013/07/15  (rcs-revision 1.15)
\pgf@max=\dimen166
\pgf@sys@shading@range@num=\count118
)
(/usr/share/texlive/texmf-dist/tex/generic/pgf/basiclayer/pgfcoreimage.code.tex
File: pgfcoreimage.code.tex 2013/07/15  (rcs-revision 1.18)

(/usr/share/texlive/texmf-dist/tex/generic/pgf/basiclayer/pgfcoreexternal.code.
tex
File: pgfcoreexternal.code.tex 2014/07/09  (rcs-revision 1.21)
\pgfexternal@startupbox=\box33
))
(/usr/share/texlive/texmf-dist/tex/generic/pgf/basiclayer/pgfcorelayers.code.te
x
File: pgfcorelayers.code.tex 2013/07/18  (rcs-revision 1.7)
)
(/usr/share/texlive/texmf-dist/tex/generic/pgf/basiclayer/pgfcoretransparency.c
ode.tex
File: pgfcoretransparency.code.tex 2013/09/30  (rcs-revision 1.5)
)
(/usr/share/texlive/texmf-dist/tex/generic/pgf/basiclayer/pgfcorepatterns.code.
tex
File: pgfcorepatterns.code.tex 2013/11/07  (rcs-revision 1.5)
)))
(/usr/share/texlive/texmf-dist/tex/generic/pgf/modules/pgfmoduleshapes.code.tex
File: pgfmoduleshapes.code.tex 2014/03/21  (rcs-revision 1.35)
\pgfnodeparttextbox=\box34
) (/usr/share/texlive/texmf-dist/tex/generic/pgf/modules/pgfmoduleplot.code.tex
File: pgfmoduleplot.code.tex 2015/08/03  (rcs-revision 1.13)
)
(/usr/share/texlive/texmf-dist/tex/latex/pgf/compatibility/pgfcomp-version-0-65
.sty
Package: pgfcomp-version-0-65 2007/07/03 v3.0.1a (rcs-revision 1.7)
\pgf@nodesepstart=\dimen167
\pgf@nodesepend=\dimen168
)
(/usr/share/texlive/texmf-dist/tex/latex/pgf/compatibility/pgfcomp-version-1-18
.sty
Package: pgfcomp-version-1-18 2007/07/23 v3.0.1a (rcs-revision 1.1)
)) (/usr/share/texlive/texmf-dist/tex/latex/pgf/utilities/pgffor.sty
(/usr/share/texlive/texmf-dist/tex/latex/pgf/utilities/pgfkeys.sty
(/usr/share/texlive/texmf-dist/tex/generic/pgf/utilities/pgfkeys.code.tex))
(/usr/share/texlive/texmf-dist/tex/latex/pgf/math/pgfmath.sty
(/usr/share/texlive/texmf-dist/tex/generic/pgf/math/pgfmath.code.tex))
(/usr/share/texlive/texmf-dist/tex/generic/pgf/utilities/pgffor.code.tex
Package: pgffor 2013/12/13 v3.0.1a (rcs-revision 1.25)

(/usr/share/texlive/texmf-dist/tex/generic/pgf/math/pgfmath.code.tex)
\pgffor@iter=\dimen169
\pgffor@skip=\dimen170
\pgffor@stack=\toks39
\pgffor@toks=\toks40
))
(/usr/share/texlive/texmf-dist/tex/generic/pgf/frontendlayer/tikz/tikz.code.tex
Package: tikz 2015/08/07 v3.0.1a (rcs-revision 1.151)

(/usr/share/texlive/texmf-dist/tex/generic/pgf/libraries/pgflibraryplothandlers
.code.tex
File: pgflibraryplothandlers.code.tex 2013/08/31 v3.0.1a (rcs-revision 1.20)
\pgf@plot@mark@count=\count119
\pgfplotmarksize=\dimen171
)
\tikz@lastx=\dimen172
\tikz@lasty=\dimen173
\tikz@lastxsaved=\dimen174
\tikz@lastysaved=\dimen175
\tikzleveldistance=\dimen176
\tikzsiblingdistance=\dimen177
\tikz@figbox=\box35
\tikz@figbox@bg=\box36
\tikz@tempbox=\box37
\tikz@tempbox@bg=\box38
\tikztreelevel=\count120
\tikznumberofchildren=\count121
\tikznumberofcurrentchild=\count122
\tikz@fig@count=\count123

(/usr/share/texlive/texmf-dist/tex/generic/pgf/modules/pgfmodulematrix.code.tex
File: pgfmodulematrix.code.tex 2013/09/17  (rcs-revision 1.8)
\pgfmatrixcurrentrow=\count124
\pgfmatrixcurrentcolumn=\count125
\pgf@matrix@numberofcolumns=\count126
)
\tikz@expandcount=\count127

(/usr/share/texlive/texmf-dist/tex/generic/pgf/frontendlayer/tikz/libraries/tik
zlibrarytopaths.code.tex
File: tikzlibrarytopaths.code.tex 2008/06/17 v3.0.1a (rcs-revision 1.2)
)))
(/usr/share/texlive/texmf-dist/tex/latex/float/float.sty
Package: float 2001/11/08 v1.3d Float enhancements (AL)
\c@float@type=\count128
\float@exts=\toks41
\float@box=\box39
\@float@everytoks=\toks42
\@floatcapt=\box40
)
(/usr/share/texlive/texmf-dist/tex/latex/relsize/relsize.sty
Package: relsize 2013/03/29 ver 4.1
)
(/usr/share/texlive/texmf-dist/tex/latex/stmaryrd/stmaryrd.sty
Package: stmaryrd 1994/03/03 St Mary's Road symbol package
\symstmry=\mathgroup6
LaTeX Font Info:    Overwriting symbol font `stmry' in version `bold'
(Font)                  U/stmry/m/n --> U/stmry/b/n on input line 89.
)
(/usr/share/texlive/texmf-dist/tex/latex/base/latexsym.sty
Package: latexsym 1998/08/17 v2.2e Standard LaTeX package (lasy symbols)
\symlasy=\mathgroup7
LaTeX Font Info:    Overwriting symbol font `lasy' in version `bold'
(Font)                  U/lasy/m/n --> U/lasy/b/n on input line 52.
)
(/usr/share/texlive/texmf-dist/tex/latex/hyperref/hyperref.sty
Package: hyperref 2012/11/06 v6.83m Hypertext links for LaTeX

(/usr/share/texlive/texmf-dist/tex/generic/oberdiek/hobsub-hyperref.sty
Package: hobsub-hyperref 2012/05/28 v1.13 Bundle oberdiek, subset hyperref (HO)


(/usr/share/texlive/texmf-dist/tex/generic/oberdiek/hobsub-generic.sty
Package: hobsub-generic 2012/05/28 v1.13 Bundle oberdiek, subset generic (HO)
Package: hobsub 2012/05/28 v1.13 Construct package bundles (HO)
Package hobsub Info: Skipping package `infwarerr' (already loaded).
Package hobsub Info: Skipping package `ltxcmds' (already loaded).
Package: ifluatex 2010/03/01 v1.3 Provides the ifluatex switch (HO)
Package ifluatex Info: LuaTeX not detected.
Package hobsub Info: Skipping package `ifvtex' (already loaded).
Package: intcalc 2007/09/27 v1.1 Expandable calculations with integers (HO)
Package hobsub Info: Skipping package `ifpdf' (already loaded).
Package: etexcmds 2011/02/16 v1.5 Avoid name clashes with e-TeX commands (HO)
Package etexcmds Info: Could not find \expanded.
(etexcmds)             That can mean that you are not using pdfTeX 1.50 or
(etexcmds)             that some package has redefined \expanded.
(etexcmds)             In the latter case, load this package earlier.
Package: kvsetkeys 2012/04/25 v1.16 Key value parser (HO)
Package: kvdefinekeys 2011/04/07 v1.3 Define keys (HO)
Package: pdftexcmds 2011/11/29 v0.20 Utility functions of pdfTeX for LuaTeX (HO
)
Package pdftexcmds Info: LuaTeX not detected.
Package pdftexcmds Info: \pdf@primitive is available.
Package pdftexcmds Info: \pdf@ifprimitive is available.
Package pdftexcmds Info: \pdfdraftmode found.
Package: pdfescape 2011/11/25 v1.13 Implements pdfTeX's escape features (HO)
Package: bigintcalc 2012/04/08 v1.3 Expandable calculations on big integers (HO
)
Package: bitset 2011/01/30 v1.1 Handle bit-vector datatype (HO)
Package: uniquecounter 2011/01/30 v1.2 Provide unlimited unique counter (HO)
)
Package hobsub Info: Skipping package `hobsub' (already loaded).
Package: letltxmacro 2010/09/02 v1.4 Let assignment for LaTeX macros (HO)
Package: hopatch 2012/05/28 v1.2 Wrapper for package hooks (HO)
Package: xcolor-patch 2011/01/30 xcolor patch
Package: atveryend 2011/06/30 v1.8 Hooks at the very end of document (HO)
Package atveryend Info: \enddocument detected (standard20110627).
Package: atbegshi 2011/10/05 v1.16 At begin shipout hook (HO)
Package: refcount 2011/10/16 v3.4 Data extraction from label references (HO)
Package: hycolor 2011/01/30 v1.7 Color options for hyperref/bookmark (HO)
)
(/usr/share/texlive/texmf-dist/tex/latex/oberdiek/auxhook.sty
Package: auxhook 2011/03/04 v1.3 Hooks for auxiliary files (HO)
)
(/usr/share/texlive/texmf-dist/tex/latex/oberdiek/kvoptions.sty
Package: kvoptions 2011/06/30 v3.11 Key value format for package options (HO)
)
\@linkdim=\dimen178
\Hy@linkcounter=\count129
\Hy@pagecounter=\count130

(/usr/share/texlive/texmf-dist/tex/latex/hyperref/pd1enc.def
File: pd1enc.def 2012/11/06 v6.83m Hyperref: PDFDocEncoding definition (HO)
)
\Hy@SavedSpaceFactor=\count131

(/usr/share/texlive/texmf-dist/tex/latex/latexconfig/hyperref.cfg
File: hyperref.cfg 2002/06/06 v1.2 hyperref configuration of TeXLive
)
Package hyperref Info: Option `plainpages' set `false' on input line 4319.
Package hyperref Info: Option `bookmarks' set `true' on input line 4319.
Package hyperref Info: Option `bookmarksopen' set `true' on input line 4319.
Package hyperref Info: Option `colorlinks' set `true' on input line 4319.
Package hyperref Info: Hyper figures OFF on input line 4443.
Package hyperref Info: Link nesting OFF on input line 4448.
Package hyperref Info: Hyper index ON on input line 4451.
Package hyperref Info: Plain pages OFF on input line 4458.
Package hyperref Info: Backreferencing OFF on input line 4463.
Package hyperref Info: Implicit mode ON; LaTeX internals redefined.
Package hyperref Info: Bookmarks ON on input line 4688.
\c@Hy@tempcnt=\count132

(/usr/share/texlive/texmf-dist/tex/latex/url/url.sty
\Urlmuskip=\muskip11
Package: url 2013/09/16  ver 3.4  Verb mode for urls, etc.
)
LaTeX Info: Redefining \url on input line 5041.
\XeTeXLinkMargin=\dimen179
\Fld@menulength=\count133
\Field@Width=\dimen180
\Fld@charsize=\dimen181
Package hyperref Info: Hyper figures OFF on input line 6295.
Package hyperref Info: Link nesting OFF on input line 6300.
Package hyperref Info: Hyper index ON on input line 6303.
Package hyperref Info: backreferencing OFF on input line 6310.
Package hyperref Info: Link coloring ON on input line 6313.
Package hyperref Info: Link coloring with OCG OFF on input line 6320.
Package hyperref Info: PDF/A mode OFF on input line 6325.
LaTeX Info: Redefining \ref on input line 6365.
LaTeX Info: Redefining \pageref on input line 6369.
\Hy@abspage=\count134
\c@Item=\count135
\c@Hfootnote=\count136
)

Package hyperref Message: Driver (autodetected): hpdftex.

(/usr/share/texlive/texmf-dist/tex/latex/hyperref/hpdftex.def
File: hpdftex.def 2012/11/06 v6.83m Hyperref driver for pdfTeX
\Fld@listcount=\count137
\c@bookmark@seq@number=\count138

(/usr/share/texlive/texmf-dist/tex/latex/oberdiek/rerunfilecheck.sty
Package: rerunfilecheck 2011/04/15 v1.7 Rerun checks for auxiliary files (HO)
Package uniquecounter Info: New unique counter `rerunfilecheck' on input line 2
82.
)
\Hy@SectionHShift=\skip61
)

Package geometry Warning: Over-specification in `h'-direction.
    `width' (398.33858pt) is ignored.


Package geometry Warning: Over-specification in `v'-direction.
    `height' (597.50787pt) is ignored.

(./Bachelorarbeit.aux)
\openout1 = `Bachelorarbeit.aux'.

LaTeX Font Info:    Checking defaults for OML/cmm/m/it on input line 69.
LaTeX Font Info:    ... okay on input line 69.
LaTeX Font Info:    Checking defaults for T1/cmr/m/n on input line 69.
LaTeX Font Info:    ... okay on input line 69.
LaTeX Font Info:    Checking defaults for OT1/cmr/m/n on input line 69.
LaTeX Font Info:    ... okay on input line 69.
LaTeX Font Info:    Checking defaults for OMS/cmsy/m/n on input line 69.
LaTeX Font Info:    ... okay on input line 69.
LaTeX Font Info:    Checking defaults for OMX/cmex/m/n on input line 69.
LaTeX Font Info:    ... okay on input line 69.
LaTeX Font Info:    Checking defaults for U/cmr/m/n on input line 69.
LaTeX Font Info:    ... okay on input line 69.
LaTeX Font Info:    Checking defaults for PD1/pdf/m/n on input line 69.
LaTeX Font Info:    ... okay on input line 69.

*geometry* driver: auto-detecting
*geometry* detected driver: pdftex
*geometry* verbose mode - [ preamble ] result:
* driver: pdftex
* paper: a4paper
* layout: <same size as paper>
* layoutoffset:(h,v)=(0.0pt,0.0pt)
* modes: twoside 
* h-part:(L,W,R)=(71.13188pt, 426.79135pt, 99.58464pt)
* v-part:(T,H,B)=(56.9055pt, 731.23584pt, 56.9055pt)
* \paperwidth=597.50787pt
* \paperheight=845.04684pt
* \textwidth=426.79135pt
* \textheight=731.23584pt
* \oddsidemargin=-1.1381pt
* \evensidemargin=27.31465pt
* \topmargin=-92.36449pt
* \headheight=52.0pt
* \headsep=25.0pt
* \topskip=11.0pt
* \footskip=39.83385pt
* \marginparwidth=103.0pt
* \marginparsep=10.0pt
* \columnsep=10.0pt
* \skip\footins=10.0pt plus 4.0pt minus 2.0pt
* \hoffset=0.0pt
* \voffset=0.0pt
* \mag=1000
* \@twocolumnfalse
* \@twosidetrue
* \@mparswitchtrue
* \@reversemarginfalse
* (1in=72.27pt=25.4mm, 1cm=28.453pt)

(/usr/share/texlive/texmf-dist/tex/context/base/supp-pdf.mkii
[Loading MPS to PDF converter (version 2006.09.02).]
\scratchcounter=\count139
\scratchdimen=\dimen182
\scratchbox=\box41
\nofMPsegments=\count140
\nofMParguments=\count141
\everyMPshowfont=\toks43
\MPscratchCnt=\count142
\MPscratchDim=\dimen183
\MPnumerator=\count143
\makeMPintoPDFobject=\count144
\everyMPtoPDFconversion=\toks44
) (/usr/share/texlive/texmf-dist/tex/latex/oberdiek/epstopdf-base.sty
Package: epstopdf-base 2010/02/09 v2.5 Base part for package epstopdf

(/usr/share/texlive/texmf-dist/tex/latex/oberdiek/grfext.sty
Package: grfext 2010/08/19 v1.1 Manage graphics extensions (HO)
)
Package grfext Info: Graphics extension search list:
(grfext)             [.png,.pdf,.jpg,.mps,.jpeg,.jbig2,.jb2,.PNG,.PDF,.JPG,.JPE
G,.JBIG2,.JB2,.eps]
(grfext)             \AppendGraphicsExtensions on input line 452.

(/usr/share/texlive/texmf-dist/tex/latex/latexconfig/epstopdf-sys.cfg
File: epstopdf-sys.cfg 2010/07/13 v1.3 Configuration of (r)epstopdf for TeX Liv
e
))
Package caption Info: Begin \AtBeginDocument code.
Package caption Info: float package is loaded.
Package caption Info: hyperref package is loaded.
Package caption Info: End \AtBeginDocument code.

ABD: EveryShipout initializing macros
\AtBeginShipoutBox=\box42
Package hyperref Info: Link coloring ON on input line 69.

(/usr/share/texlive/texmf-dist/tex/latex/hyperref/nameref.sty
Package: nameref 2012/10/27 v2.43 Cross-referencing by name of section

(/usr/share/texlive/texmf-dist/tex/generic/oberdiek/gettitlestring.sty
Package: gettitlestring 2010/12/03 v1.4 Cleanup title references (HO)
)
\c@section@level=\count145
)
LaTeX Info: Redefining \ref on input line 69.
LaTeX Info: Redefining \pageref on input line 69.
LaTeX Info: Redefining \nameref on input line 69.

(./Bachelorarbeit.out) (./Bachelorarbeit.out)
\@outlinefile=\write4
\openout4 = `Bachelorarbeit.out'.


<./Pictures/lmu_siegel.jpg, id=212, 201.6333pt x 201.6333pt>
File: ./Pictures/lmu_siegel.jpg Graphic file (type jpg)

<use ./Pictures/lmu_siegel.jpg>
Package pdftex.def Info: ./Pictures/lmu_siegel.jpg used on input line 72.
(pdftex.def)             Requested size: 170.71393pt x 170.71838pt.
LaTeX Font Info:    Try loading font information for U+msa on input line 72.

(/usr/share/texlive/texmf-dist/tex/latex/amsfonts/umsa.fd
File: umsa.fd 2013/01/14 v3.01 AMS symbols A
)
LaTeX Font Info:    Try loading font information for U+msb on input line 72.

(/usr/share/texlive/texmf-dist/tex/latex/amsfonts/umsb.fd
File: umsb.fd 2013/01/14 v3.01 AMS symbols B
)
LaTeX Font Info:    Try loading font information for U+stmry on input line 72.

(/usr/share/texlive/texmf-dist/tex/latex/stmaryrd/Ustmry.fd)
LaTeX Font Info:    Try loading font information for U+lasy on input line 72.

(/usr/share/texlive/texmf-dist/tex/latex/base/ulasy.fd
File: ulasy.fd 1998/08/17 v2.2e LaTeX symbol font definitions
) [1

{/var/lib/texmf/fonts/map/pdftex/updmap/pdftex.map} <./Pictures/lmu_siegel.jpg>
] [1] [2

]
(./Bachelorarbeit.lof)
\tf@lof=\write5
\openout5 = `Bachelorarbeit.lof'.

 [3] (./Bachelorarbeit.toc [4])
\tf@toc=\write6
\openout6 = `Bachelorarbeit.toc'.

 [5]
Underfull \vbox (badness 1184) has occurred while \output is active []

pdfTeX warning (ext4): destination with the same identifier (name{page.1}) has 
been already used, duplicate ignored
<to be read again> 
                   \relax 
l.121 \newpage
               [1

] [2]
LaTeX Font Info:    Try loading font information for OMS+cmr on input line 130.

 (/usr/share/texlive/texmf-dist/tex/latex/base/omscmr.fd
File: omscmr.fd 2014/09/29 v2.5h Standard LaTeX font definitions
)
LaTeX Font Info:    Font shape `OMS/cmr/m/n' in size <10.95> not available
(Font)              Font shape `OMS/cmsy/m/n' tried instead on input line 130.
[3] <./Pictures/applicationIntern.png, id=385, 647.41875pt x 319.94531pt>
File: ./Pictures/applicationIntern.png Graphic file (type png)

<use ./Pictures/applicationIntern.png>
Package pdftex.def Info: ./Pictures/applicationIntern.png used on input line 17
3.
(pdftex.def)             Requested size: 298.75264pt x 147.64041pt.
 [4 <./Pictures/applicationIntern.png>]
<./Pictures/MemoryAllocation.png, id=395, 505.89pt x 323.70938pt>
File: ./Pictures/MemoryAllocation.png Graphic file (type png)

<use ./Pictures/MemoryAllocation.png>
Package pdftex.def Info: ./Pictures/MemoryAllocation.png used on input line 197
.
(pdftex.def)             Requested size: 256.07741pt x 163.85968pt.
 [5 <./Pictures/MemoryAllocation.png>]
<./Pictures/takeRule.png, id=404, 599.23875pt x 127.47626pt>
File: ./Pictures/takeRule.png Graphic file (type png)

<use ./Pictures/takeRule.png>
Package pdftex.def Info: ./Pictures/takeRule.png used on input line 216.
(pdftex.def)             Requested size: 298.75264pt x 63.55511pt.

<./Pictures/grantRule.png, id=407, 590.205pt x 151.56625pt>
File: ./Pictures/grantRule.png Graphic file (type png)

<use ./Pictures/grantRule.png>
Package pdftex.def Info: ./Pictures/grantRule.png used on input line 223.
(pdftex.def)             Requested size: 298.75264pt x 76.7219pt.

<./Pictures/createRule.png, id=410, 445.665pt x 139.52126pt>
File: ./Pictures/createRule.png Graphic file (type png)

<use ./Pictures/createRule.png>
Package pdftex.def Info: ./Pictures/createRule.png used on input line 230.
(pdftex.def)             Requested size: 213.39568pt x 66.8055pt.

<./Pictures/removeRule.png, id=413, 457.71pt x 150.5625pt>
File: ./Pictures/removeRule.png Graphic file (type png)

<use ./Pictures/removeRule.png>
Package pdftex.def Info: ./Pictures/removeRule.png used on input line 237.
(pdftex.def)             Requested size: 213.39568pt x 70.19461pt.

<./Pictures/CDT.jpg, id=419, 301.125pt x 298.11375pt>
File: ./Pictures/CDT.jpg Graphic file (type jpg)
 <use ./Pictures/CDT.jpg>
Package pdftex.def Info: ./Pictures/CDT.jpg used on input line 251.
(pdftex.def)             Requested size: 128.0387pt x 126.76262pt.

Underfull \hbox (badness 10000) in paragraph at lines 243--254

 []

[6 <./Pictures/takeRule.png (PNG copy)> <./Pictures/grantRule.png (PNG copy)> <
./Pictures/createRule.png (PNG copy)>] [7 <./Pictures/removeRule.png (PNG copy)
> <./Pictures/CDT.jpg>] [8]
Underfull \hbox (badness 10000) in paragraph at lines 275--282

 []


Underfull \hbox (badness 10000) in paragraph at lines 275--282

 []


Underfull \hbox (badness 10000) in paragraph at lines 275--282

 []


Underfull \hbox (badness 10000) in paragraph at lines 275--282

 []


Underfull \hbox (badness 10000) in paragraph at lines 294--306

 []


Underfull \hbox (badness 10000) in paragraph at lines 294--306

 []


Underfull \hbox (badness 10000) in paragraph at lines 294--306

 []


Underfull \hbox (badness 10000) in paragraph at lines 294--306

 []


Underfull \hbox (badness 10000) in paragraph at lines 311--317

 []

LaTeX Font Info:    Font shape `OT1/cmtt/bx/n' in size <8> not available
(Font)              Font shape `OT1/cmtt/m/n' tried instead on input line 336.
Missing character: There is no â in font cmtt8!
Missing character: There is no ˆ in font cmtt8!
Missing character: There is no ª in font cmtt8!

Underfull \hbox (badness 10000) in paragraph at lines 318--389

 []


Underfull \hbox (badness 10000) in paragraph at lines 318--389

 []


Underfull \hbox (badness 10000) in paragraph at lines 318--389

 []


Underfull \hbox (badness 10000) in paragraph at lines 318--389

 []


Underfull \hbox (badness 10000) in paragraph at lines 318--389

 []


Underfull \hbox (badness 10000) in paragraph at lines 318--389

 []


Underfull \hbox (badness 10000) in paragraph at lines 318--389

 []


Underfull \hbox (badness 10000) in paragraph at lines 318--389

 []


Underfull \hbox (badness 10000) in paragraph at lines 318--389

 []


Underfull \hbox (badness 10000) in paragraph at lines 318--389

 []


Underfull \hbox (badness 10000) in paragraph at lines 318--389

 []


Underfull \hbox (badness 10000) in paragraph at lines 318--389

 []


Underfull \hbox (badness 10000) in paragraph at lines 318--389

 []


Underfull \hbox (badness 10000) in paragraph at lines 318--389

 []


Overfull \hbox (7.16818pt too wide) in paragraph at lines 318--389
\OT1/cmtt/m/n/8 "readOperation e c s $\OMS/cmsy/m/n/8 ^^Q$ \OT1/cmtt/m/n/8 s$\U
/stmry/m/n/8 L$ \OT1/cmtt/m/n/8 heap := (heap s)(e := $\U/stmry/m/n/8 L$\OT1/cm
tt/m/n/8 caps = caps$[]$of s e, eValue = value$[]$of s (entity c)$\U/stmry/m/n/
8 M$\OT1/cmtt/m/n/8 )$\U/stmry/m/n/8 M$\OT1/cmtt/m/n/8 " 
 []


Underfull \hbox (badness 10000) in paragraph at lines 318--389

 []


Overfull \hbox (9.0571pt too wide) in paragraph at lines 318--389
\OT1/cmtt/m/n/8 "writeOperation e c s $\OMS/cmsy/m/n/8 ^^Q$ \OT1/cmtt/m/n/8 s$\
U/stmry/m/n/8 L$ \OT1/cmtt/m/n/8 heap := (heap s)(entity c := $\U/stmry/m/n/8 L
$\OT1/cmtt/m/n/8 caps = caps$[]$of s (entity c), eValue = value$[]$of
 []


Underfull \hbox (badness 10000) in paragraph at lines 318--389

 []


Underfull \hbox (badness 10000) in paragraph at lines 318--389

 []


Underfull \hbox (badness 10000) in paragraph at lines 318--389

 []


Underfull \hbox (badness 10000) in paragraph at lines 318--389

 []


Underfull \hbox (badness 10000) in paragraph at lines 318--389

 []


Underfull \hbox (badness 10000) in paragraph at lines 318--389

 []


Overfull \hbox (1.32976pt too wide) in paragraph at lines 318--389
\OT1/cmtt/m/n/8 "removeOperation c$[]$ c$[]$ s $\OMS/cmsy/m/n/8 ^^Q$ \OT1/cmtt/
m/n/8 s$\U/stmry/m/n/8 L$\OT1/cmtt/m/n/8 heap := (heap s)(entity c$[]$ := $\U/s
tmry/m/n/8 L$\OT1/cmtt/m/n/8 caps = caps$[]$of s (entity c$[]$) - c$[]$, eValue

 []


Underfull \hbox (badness 10000) in paragraph at lines 318--389

 []


Underfull \hbox (badness 10000) in paragraph at lines 318--389

 []


Underfull \hbox (badness 10000) in paragraph at lines 318--389

 []

[9]
Underfull \vbox (badness 10000) has occurred while \output is active []

 [10]
[11]
Underfull \hbox (badness 10000) in paragraph at lines 391--410

 []


Underfull \hbox (badness 10000) in paragraph at lines 391--410

 []


Underfull \hbox (badness 10000) in paragraph at lines 391--410

 []


Underfull \hbox (badness 10000) in paragraph at lines 391--410

 []


Underfull \hbox (badness 10000) in paragraph at lines 391--410

 []


Underfull \hbox (badness 10000) in paragraph at lines 391--410

 []


Underfull \hbox (badness 10000) in paragraph at lines 391--410

 []


Underfull \hbox (badness 10000) in paragraph at lines 391--410

 []


Underfull \hbox (badness 10000) in paragraph at lines 411--418

 []


Overfull \hbox (9.72284pt too wide) in paragraph at lines 411--418
\OT1/cmtt/m/n/8 "aquiv$[]$nonin s t d $\OMS/cmsy/m/n/8 ^^Q$ $f8$ \OT1/cmtt/m/n/
8 e $\OMS/cmsy/m/n/8 2$ \OT1/cmtt/m/n/8 d. value$[]$of s e = value$[]$of t e $\
OMS/cmsy/m/n/8 ^$ \OT1/cmtt/m/n/8 caps$[]$of s e = caps$[]$of t e $\OMS/cmsy/m/
n/8 ^$ \OT1/cmtt/m/n/8 subSys
 []


Underfull \hbox (badness 10000) in paragraph at lines 411--418

 []


Underfull \hbox (badness 10000) in paragraph at lines 418--423

 []


Underfull \hbox (badness 10000) in paragraph at lines 418--423

 []


Underfull \hbox (badness 10000) in paragraph at lines 423--436

 []


Underfull \hbox (badness 10000) in paragraph at lines 423--436

 []


Underfull \hbox (badness 10000) in paragraph at lines 423--436

 []


Underfull \hbox (badness 10000) in paragraph at lines 423--436

 []


Underfull \hbox (badness 10000) in paragraph at lines 423--436

 []

[12]
Underfull \hbox (badness 10000) in paragraph at lines 440--442

 []


Underfull \hbox (badness 10000) in paragraph at lines 440--442

 []

LaTeX Font Info:    Font shape `OMS/cmr/m/n' in size <9> not available
(Font)              Font shape `OMS/cmsy/m/n' tried instead on input line 443.

Underfull \hbox (badness 10000) in paragraph at lines 455--457

 []

LaTeX Font Info:    Font shape `OT1/cmtt/bx/n' in size <9> not available
(Font)              Font shape `OT1/cmtt/m/n' tried instead on input line 473.

Underfull \hbox (badness 10000) in paragraph at lines 458--474

 []


Underfull \hbox (badness 10000) in paragraph at lines 458--474

 []


Underfull \hbox (badness 10000) in paragraph at lines 458--474

 []

[13 <./Pictures/WriteGraphicOld/WriteGraphic1.pdf>]
Underfull \vbox (badness 10000) has occurred while \output is active []

 [14 <./Pictures/RemoveGraphicOld/RemoveGraphic1.pdf>]
Overfull \hbox (28.45273pt too wide) in paragraph at lines 579--580
[][] 
 []


Underfull \hbox (badness 10000) in paragraph at lines 534--582

 []


Underfull \hbox (badness 10000) in paragraph at lines 534--582

 []


Underfull \hbox (badness 10000) in paragraph at lines 534--582

 []


Overfull \hbox (9.88057pt too wide) in paragraph at lines 534--582
[] 
 []


Underfull \hbox (badness 10000) in paragraph at lines 534--582

 []


Underfull \hbox (badness 10000) in paragraph at lines 534--582

 []

[15] [16 <./Pictures/OverviewObjects/OverviewObjectDomains.pdf>]
Underfull \hbox (badness 10000) in paragraph at lines 585--591

 []


Underfull \hbox (badness 10000) in paragraph at lines 585--591

 []


Underfull \hbox (badness 10000) in paragraph at lines 585--591

 []


Underfull \hbox (badness 10000) in paragraph at lines 585--591

 []


Overfull \hbox (28.45273pt too wide) in paragraph at lines 597--598
[][] 
 []

Missing character: There is no â in font cmr9!
Missing character: There is no € in font cmr9!
Missing character: There is no ™ in font cmr9!

Underfull \hbox (badness 10000) in paragraph at lines 601--620

 []


Underfull \hbox (badness 10000) in paragraph at lines 601--620

 []


Underfull \hbox (badness 10000) in paragraph at lines 601--620

 []


Underfull \hbox (badness 10000) in paragraph at lines 601--620

 []

[17 <./Pictures/CreateUMO/CreateUMO.pdf>]
Overfull \hbox (28.45273pt too wide) in paragraph at lines 625--626
[][] 
 []


Underfull \hbox (badness 10000) in paragraph at lines 629--644

 []


Underfull \hbox (badness 10000) in paragraph at lines 629--644

 []


Underfull \hbox (badness 10000) in paragraph at lines 629--644

 []

[18 <./Pictures/CreateUMO/CreateOther.pdf>]
Underfull \hbox (badness 10000) in paragraph at lines 645--646

 []


Overfull \hbox (28.45273pt too wide) in paragraph at lines 648--649
[][] 
 []


Underfull \hbox (badness 10000) in paragraph at lines 652--668

 []


Underfull \hbox (badness 10000) in paragraph at lines 652--668

 []


Underfull \hbox (badness 10000) in paragraph at lines 652--668

 []


Underfull \hbox (badness 10000) in paragraph at lines 652--668

 []

[19 <./Pictures/CreateUMO/CreateOutside.pdf>]
Overfull \hbox (28.45273pt too wide) in paragraph at lines 675--676
[][] 
 []


Underfull \hbox (badness 10000) in paragraph at lines 679--696

 []


Underfull \hbox (badness 10000) in paragraph at lines 679--696

 []


Underfull \hbox (badness 10000) in paragraph at lines 679--696

 []


Underfull \hbox (badness 10000) in paragraph at lines 679--696

 []

[20 <./Pictures/GrantTCB/GrantTCB.pdf>]
Underfull \hbox (badness 10000) in paragraph at lines 698--699

 []


Underfull \hbox (badness 10000) in paragraph at lines 698--699

 []


Overfull \hbox (28.45273pt too wide) in paragraph at lines 701--702
[][] 
 []


Underfull \hbox (badness 10000) in paragraph at lines 705--720

 []


Underfull \hbox (badness 10000) in paragraph at lines 705--720

 []


Underfull \hbox (badness 10000) in paragraph at lines 705--720

 []

[21

 <./Pictures/GrantTCB/GrantOthers.pdf>]
Overfull \hbox (28.45273pt too wide) in paragraph at lines 725--726
[][] 
 []


Underfull \hbox (badness 10000) in paragraph at lines 729--744

 []


Underfull \hbox (badness 10000) in paragraph at lines 729--744

 []


Underfull \hbox (badness 10000) in paragraph at lines 729--744

 []

[22

 <./Pictures/GrantTCB/GrantOutside.pdf>]
Overfull \hbox (28.45273pt too wide) in paragraph at lines 751--752
[][] 
 []


Underfull \hbox (badness 10000) in paragraph at lines 755--770

 []


Underfull \hbox (badness 10000) in paragraph at lines 755--770

 []


Underfull \hbox (badness 10000) in paragraph at lines 755--770

 []

[23

 <./Pictures/WriteTCB/WriteTCB.pdf>]

Package hyperref Warning: Token not allowed in a PDF string (PDFDocEncoding):
(hyperref)                removing `math shift' on input line 771.


Package hyperref Warning: Token not allowed in a PDF string (PDFDocEncoding):
(hyperref)                removing `\not' on input line 771.


Package hyperref Warning: Token not allowed in a PDF string (PDFDocEncoding):
(hyperref)                removing `math shift' on input line 771.


Underfull \hbox (badness 10000) in paragraph at lines 772--774

 []


Overfull \hbox (28.45273pt too wide) in paragraph at lines 776--777
[][] 
 []


Underfull \hbox (badness 10000) in paragraph at lines 780--795

 []


Underfull \hbox (badness 10000) in paragraph at lines 780--795

 []


Underfull \hbox (badness 10000) in paragraph at lines 780--795

 []

[24

 <./Pictures/WriteTCB/WriteOthers.pdf>]
Overfull \hbox (28.45273pt too wide) in paragraph at lines 801--802
[][] 
 []


Underfull \hbox (badness 10000) in paragraph at lines 806--821

 []


Underfull \hbox (badness 10000) in paragraph at lines 806--821

 []


Underfull \hbox (badness 10000) in paragraph at lines 806--821

 []

[25

 <./Pictures/WriteTCB/WriteOutside.pdf>]
Overfull \hbox (28.45273pt too wide) in paragraph at lines 826--827
[][] 
 []


Underfull \hbox (badness 10000) in paragraph at lines 831--847

 []


Underfull \hbox (badness 10000) in paragraph at lines 831--847

 []


Underfull \hbox (badness 10000) in paragraph at lines 831--847

 []

[26

 <./Pictures/WriteTCB/WriteOutside2.pdf>]
Overfull \hbox (28.45273pt too wide) in paragraph at lines 856--857
[][] 
 []


Underfull \hbox (badness 10000) in paragraph at lines 861--876

 []


Underfull \hbox (badness 10000) in paragraph at lines 861--876

 []


Underfull \hbox (badness 10000) in paragraph at lines 861--876

 []

[27

 <./Pictures/ReadTCB/ReadTCB.pdf>]
Overfull \hbox (28.45273pt too wide) in paragraph at lines 881--882
[][] 
 []


Underfull \hbox (badness 10000) in paragraph at lines 886--901

 []


Underfull \hbox (badness 10000) in paragraph at lines 886--901

 []


Underfull \hbox (badness 10000) in paragraph at lines 886--901

 []

[28

 <./Pictures/ReadTCB/ReadOthers.pdf>]
Overfull \hbox (28.45273pt too wide) in paragraph at lines 907--908
[][] 
 []


Underfull \hbox (badness 10000) in paragraph at lines 912--927

 []


Underfull \hbox (badness 10000) in paragraph at lines 912--927

 []


Underfull \hbox (badness 10000) in paragraph at lines 912--927

 []

[29

 <./Pictures/ReadTCB/ReadOutside2.pdf>]
Overfull \hbox (28.45273pt too wide) in paragraph at lines 932--933
[][] 
 []


Underfull \hbox (badness 10000) in paragraph at lines 937--953

 []


Underfull \hbox (badness 10000) in paragraph at lines 937--953

 []


Underfull \hbox (badness 10000) in paragraph at lines 937--953

 []

[30

 <./Pictures/ReadTCB/ReadOutside.pdf>]
Overfull \hbox (28.45273pt too wide) in paragraph at lines 964--965
[][] 
 []


Overfull \hbox (58.6082pt too wide) in paragraph at lines 969--985
[] 
 []


Underfull \hbox (badness 10000) in paragraph at lines 969--985

 []


Underfull \hbox (badness 10000) in paragraph at lines 969--985

 []


Underfull \hbox (badness 10000) in paragraph at lines 969--985

 []

[31

 <./Pictures/RemoveCNode/RemoveCNode.pdf>]
Overfull \hbox (28.45273pt too wide) in paragraph at lines 990--991
[][] 
 []


Overfull \hbox (330.79388pt too wide) in paragraph at lines 995--1011
[] 
 []


Underfull \hbox (badness 10000) in paragraph at lines 995--1011

 []


Underfull \hbox (badness 10000) in paragraph at lines 995--1011

 []


Underfull \hbox (badness 10000) in paragraph at lines 995--1011

 []

[32

 <./Pictures/RemoveCNode/RemoveOutside.pdf>]

Package hyperref Warning: Token not allowed in a PDF string (PDFDocEncoding):
(hyperref)                removing `math shift' on input line 1013.


Package hyperref Warning: Token not allowed in a PDF string (PDFDocEncoding):
(hyperref)                removing `\not' on input line 1013.


Package hyperref Warning: Token not allowed in a PDF string (PDFDocEncoding):
(hyperref)                removing `math shift' on input line 1013.


Overfull \hbox (28.45273pt too wide) in paragraph at lines 1020--1021
[][] 
 []


Underfull \hbox (badness 10000) in paragraph at lines 1025--1040

 []


Underfull \hbox (badness 10000) in paragraph at lines 1025--1040

 []


Underfull \hbox (badness 10000) in paragraph at lines 1025--1040

 []

[33

 <./Pictures/RemoveCNode/RemoveOthers.pdf>]
Overfull \hbox (28.45273pt too wide) in paragraph at lines 1045--1046
[][] 
 []


Underfull \hbox (badness 10000) in paragraph at lines 1050--1065

 []


Underfull \hbox (badness 10000) in paragraph at lines 1050--1065

 []


Underfull \hbox (badness 10000) in paragraph at lines 1050--1065

 []

[34

 <./Pictures/RemoveCNode/RemoveOutside2.pdf>]
Underfull \hbox (badness 10000) in paragraph at lines 1069--1074

 []


Underfull \hbox (badness 10000) in paragraph at lines 1069--1074

 []

[35

]
Missing character: There is no â in font cmr9!
Missing character: There is no € in font cmr9!
Missing character: There is no “ in font cmr9!
 [36

]
Package atveryend Info: Empty hook `BeforeClearDocument' on input line 1126.
Package atveryend Info: Empty hook `AfterLastShipout' on input line 1126.
 (./Bachelorarbeit.aux)
Package atveryend Info: Executing hook `AtVeryEndDocument' on input line 1126.
Package atveryend Info: Executing hook `AtEndAfterFileList' on input line 1126.

Package rerunfilecheck Info: File `Bachelorarbeit.out' has not changed.
(rerunfilecheck)             Checksum: 2737723EC171DE7F2373B91F715E6A47;3530.
Package atveryend Info: Empty hook `AtVeryVeryEnd' on input line 1126.
 )
(\end occurred inside a group at level 1)

### simple group (level 1) entered at line 310 ({)
### bottom level 
Here is how much of TeX's memory you used:
 18673 strings out of 494842
 340268 string characters out of 6176988
 423544 words of memory out of 5000000
 21451 multiletter control sequences out of 15000+600000
 18128 words of font info for 74 fonts, out of 8000000 for 9000
 38 hyphenation exceptions out of 8191
 55i,14n,54p,565b,519s stack positions out of 5000i,500n,10000p,200000b,80000s
</usr/share/texlive/texmf-dist/fonts/type1/public/amsfonts/cm/c
mbx10.pfb></usr/share/texlive/texmf-dist/fonts/type1/public/amsfonts/cm/cmbx12.
pfb></usr/share/texlive/texmf-dist/fonts/type1/public/amsfonts/cm/cmbx6.pfb></u
sr/share/texlive/texmf-dist/fonts/type1/public/amsfonts/cm/cmbx8.pfb></usr/shar
e/texlive/texmf-dist/fonts/type1/public/amsfonts/cm/cmbx9.pfb></usr/share/texli
ve/texmf-dist/fonts/type1/public/amsfonts/cm/cmbxti10.pfb></usr/share/texlive/t
exmf-dist/fonts/type1/public/amsfonts/cm/cmitt10.pfb></usr/share/texlive/texmf-
dist/fonts/type1/public/amsfonts/cm/cmmi10.pfb></usr/share/texlive/texmf-dist/f
onts/type1/public/amsfonts/cm/cmmi6.pfb></usr/share/texlive/texmf-dist/fonts/ty
pe1/public/amsfonts/cm/cmmi9.pfb></usr/share/texlive/texmf-dist/fonts/type1/pub
lic/amsfonts/cm/cmr10.pfb></usr/share/texlive/texmf-dist/fonts/type1/public/ams
fonts/cm/cmr12.pfb></usr/share/texlive/texmf-dist/fonts/type1/public/amsfonts/c
m/cmr17.pfb></usr/share/texlive/texmf-dist/fonts/type1/public/amsfonts/cm/cmr6.
pfb></usr/share/texlive/texmf-dist/fonts/type1/public/amsfonts/cm/cmr7.pfb></us
r/share/texlive/texmf-dist/fonts/type1/public/amsfonts/cm/cmr8.pfb></usr/share/
texlive/texmf-dist/fonts/type1/public/amsfonts/cm/cmr9.pfb></usr/share/texlive/
texmf-dist/fonts/type1/public/amsfonts/cm/cmsl10.pfb></usr/share/texlive/texmf-
dist/fonts/type1/public/amsfonts/cm/cmsy10.pfb></usr/share/texlive/texmf-dist/f
onts/type1/public/amsfonts/cm/cmsy8.pfb></usr/share/texlive/texmf-dist/fonts/ty
pe1/public/amsfonts/cm/cmsy9.pfb></usr/share/texlive/texmf-dist/fonts/type1/pub
lic/amsfonts/cm/cmti10.pfb></usr/share/texlive/texmf-dist/fonts/type1/public/am
sfonts/cm/cmti9.pfb></usr/share/texlive/texmf-dist/fonts/type1/public/amsfonts/
cm/cmtt10.pfb></usr/share/texlive/texmf-dist/fonts/type1/public/amsfonts/cm/cmt
t8.pfb></usr/share/texlive/texmf-dist/fonts/type1/public/amsfonts/cm/cmtt9.pfb>
</usr/share/texlive/texmf-dist/fonts/type1/public/amsfonts/latxfont/lasy10.pfb>
</usr/share/texlive/texmf-dist/fonts/type1/public/amsfonts/latxfont/lasy8.pfb><
/usr/share/texlive/texmf-dist/fonts/type1/public/amsfonts/latxfont/lasy9.pfb></
usr/share/texlive/texmf-dist/fonts/type1/public/stmaryrd/stmary8.pfb>
Output written on Bachelorarbeit.pdf (42 pages, 729364 bytes).
PDF statistics:
 1023 PDF objects out of 1200 (max. 8388607)
 902 compressed objects within 10 object streams
 133 named destinations out of 1000 (max. 500000)
 526 words of extra memory for PDF output out of 10000 (max. 10000000)

